=== Starting debug draw patches installation ===
Verifying game memory is accessible...
Memory at 0xEB3798 is accessible (State: 4096, Protect: 32)
Verifying critical game pointers...
P_HG_MAN at 0x137C580 is accessible
F_ADD_DRAW_PLAN_BEGIN_TARGET_SCENE at 0x4070F0 is accessible
F_ADD_DRAW_PLAN_END_TARGET_SCENE at 0x407180 is accessible
F_ADD_DRAW_PLAN_END_TARGET_CAMERA at 0x407080 is accessible
Installing hook 1 at 0xEB3798
  Hook function at: 0x79D469D0
  Trampoline allocated at: 0xFFD0000
  Trampoline contains 5 original bytes + JMP to 0xEB379D
  Making hook function writable...
  Searching for placeholder JMP...
  Found JMP at offset 42, patching to jump to trampoline with offset 0x96289601
  Changing target memory protection...
  Writing NOPs...
  Writing JMP with relative address 0x78E93233
  Restoring target memory protection...
  Hook installed successfully!
Hook 1 installed successfully
Installing hook 2 at 0xEB437D
  Hook function at: 0x79D46A00
  Trampoline allocated at: 0xFFE0000
  Trampoline contains 9 original bytes + JMP to 0xEB4386
  Making hook function writable...
  Searching for placeholder JMP...
  Found JMP at offset 54, patching to jump to trampoline with offset 0x962995C5
  Changing target memory protection...
  Writing NOPs...
  Writing JMP with relative address 0x78E9267E
  Restoring target memory protection...
  Hook installed successfully!
Hook 2 installed successfully
Installing hook 3 at 0xEB4483
  Hook function at: 0x79D46A3C
  Trampoline allocated at: 0xFFF0000
  Trampoline contains 9 original bytes + JMP to 0xEB448C
  Making hook function writable...
  Searching for placeholder JMP...
  Found JMP at offset 54, patching to jump to trampoline with offset 0x962A9589
  Changing target memory protection...
  Writing NOPs...
  Writing JMP with relative address 0x78E925B4
  Restoring target memory protection...
  Hook installed successfully!
Hook 3 installed successfully
Installing memory patches...
Patching 0xFD6529...
0xFD6529 patched successfully
Patching 0xFD6546...
0xFD6546 patched successfully
Patching 0xC03F1B...
0xC03F1B patched successfully
Patching 0xC03180...
0xC03180 patched successfully
Patching 0xC064E4...
0xC064E4 patched successfully
Patching 0xC064EB...
0xC064EB patched successfully
=== All debug draw patches applied successfully! ===
